!SESSION 2015-09-03 12:19:32.233 -----------------------------------------------
eclipse.buildId=4.5.0.I20150603-2000
java.version=1.7.0_79
java.vendor=Oracle Corporation
BootLoader constants: OS=win32, ARCH=x86_64, WS=win32, NL=en_US
Framework arguments:  -product org.eclipse.epp.package.jee.product
Command-line arguments:  -os win32 -ws win32 -arch x86_64 -product org.eclipse.epp.package.jee.product

!ENTRY org.eclipse.egit.ui 2 0 2015-09-03 12:23:22.982
!MESSAGE Warning: The environment variable HOME is not set. The following directory will be used to store the Git
user global configuration and to define the default location to store repositories: 'C:\Users\Srilu'. If this is
not correct please set the HOME environment variable and restart Eclipse. Otherwise Git for Windows and
EGit might behave differently since they see different configuration options.
This warning can be switched off on the Team > Git > Confirmations and Warnings preference page.
!SESSION 2015-09-03 12:32:08.029 -----------------------------------------------
eclipse.buildId=4.4.2.M20150204-1700
java.version=1.8.0_45
java.vendor=Oracle Corporation
BootLoader constants: OS=win32, ARCH=x86_64, WS=win32, NL=en_IN
Framework arguments:  -product org.eclipse.epp.package.java.product -product org.eclipse.epp.package.java.product
Command-line arguments:  -os win32 -ws win32 -arch x86_64 -product org.eclipse.epp.package.java.product -data C:\Users\Vishnu teja\Dropbox\Java_Assignment -product org.eclipse.epp.package.java.product

!ENTRY org.eclipse.e4.ui.workbench 4 0 2015-09-03 12:33:07.862
!MESSAGE Unable to load class 'org.eclipse.ui.internal.ide.application.addons.ModelCleanupAddon' from bundle '353'
!STACK 0
java.lang.ClassNotFoundException: org.eclipse.ui.internal.ide.application.addons.ModelCleanupAddon cannot be found by org.eclipse.ui.ide.application_1.0.501.v20141111-1238
	at org.eclipse.osgi.internal.loader.BundleLoader.findClassInternal(BundleLoader.java:432)
	at org.eclipse.osgi.internal.loader.BundleLoader.findClass(BundleLoader.java:345)
	at org.eclipse.osgi.internal.loader.BundleLoader.findClass(BundleLoader.java:337)
	at org.eclipse.osgi.internal.loader.ModuleClassLoader.loadClass(ModuleClassLoader.java:160)
	at java.lang.ClassLoader.loadClass(ClassLoader.java:357)
	at org.eclipse.osgi.internal.framework.EquinoxBundle.loadClass(EquinoxBundle.java:568)
	at org.eclipse.e4.ui.internal.workbench.ReflectionContributionFactory.createFromBundle(ReflectionContributionFactory.java:102)
	at org.eclipse.e4.ui.internal.workbench.ReflectionContributionFactory.doCreate(ReflectionContributionFactory.java:73)
	at org.eclipse.e4.ui.internal.workbench.ReflectionContributionFactory.create(ReflectionContributionFactory.java:50)
	at org.eclipse.e4.ui.internal.workbench.swt.E4Application.createE4Workbench(E4Application.java:294)
	at org.eclipse.ui.internal.Workbench$5.run(Workbench.java:601)
	at org.eclipse.core.databinding.observable.Realm.runWithDefault(Realm.java:332)
	at org.eclipse.ui.internal.Workbench.createAndRunWorkbench(Workbench.java:579)
	at org.eclipse.ui.PlatformUI.createAndRunWorkbench(PlatformUI.java:150)
	at org.eclipse.ui.internal.ide.application.IDEApplication.start(IDEApplication.java:135)
	at org.eclipse.equinox.internal.app.EclipseAppHandle.run(EclipseAppHandle.java:196)
	at org.eclipse.core.runtime.internal.adaptor.EclipseAppLauncher.runApplication(EclipseAppLauncher.java:134)
	at org.eclipse.core.runtime.internal.adaptor.EclipseAppLauncher.start(EclipseAppLauncher.java:104)
	at org.eclipse.core.runtime.adaptor.EclipseStarter.run(EclipseStarter.java:380)
	at org.eclipse.core.runtime.adaptor.EclipseStarter.run(EclipseStarter.java:235)
	at sun.reflect.NativeMethodAccessorImpl.invoke0(Native Method)
	at sun.reflect.NativeMethodAccessorImpl.invoke(NativeMethodAccessorImpl.java:62)
	at sun.reflect.DelegatingMethodAccessorImpl.invoke(DelegatingMethodAccessorImpl.java:43)
	at java.lang.reflect.Method.invoke(Method.java:497)
	at org.eclipse.equinox.launcher.Main.invokeFramework(Main.java:648)
	at org.eclipse.equinox.launcher.Main.basicRun(Main.java:603)
	at org.eclipse.equinox.launcher.Main.run(Main.java:1465)

!ENTRY org.eclipse.jface 4 0 2015-09-03 12:33:29.367
!MESSAGE Unable to resolve plug-in "platform:/plugin/org.eclipse.wst.server.ui/icons/cview16/servers_view.gif".
!STACK 0
java.io.IOException: Unable to resolve plug-in "platform:/plugin/org.eclipse.wst.server.ui/icons/cview16/servers_view.gif".
	at org.eclipse.core.internal.runtime.PlatformURLPluginConnection.parse(PlatformURLPluginConnection.java:64)
	at org.eclipse.core.internal.runtime.PlatformURLPluginConnection.resolve(PlatformURLPluginConnection.java:75)
	at org.eclipse.core.internal.boot.PlatformURLHandler.openConnection(PlatformURLHandler.java:67)
	at org.eclipse.osgi.internal.url.URLStreamHandlerProxy.openConnection(URLStreamHandlerProxy.java:114)
	at java.net.URL.openConnection(URL.java:972)
	at org.eclipse.core.internal.runtime.PlatformURLConverter.toFileURL(PlatformURLConverter.java:33)
	at org.eclipse.core.runtime.FileLocator.toFileURL(FileLocator.java:206)
	at org.eclipse.jface.resource.URLImageDescriptor.getFilePath(URLImageDescriptor.java:141)
	at org.eclipse.jface.resource.URLImageDescriptor.createImage(URLImageDescriptor.java:162)
	at org.eclipse.jface.resource.ImageDescriptor.createImage(ImageDescriptor.java:230)
	at org.eclipse.jface.resource.ImageDescriptor.createImage(ImageDescriptor.java:208)
	at org.eclipse.e4.ui.workbench.renderers.swt.SWTPartRenderer.getImageFromURI(SWTPartRenderer.java:223)
	at org.eclipse.e4.ui.workbench.renderers.swt.SWTPartRenderer.getImage(SWTPartRenderer.java:235)
	at org.eclipse.e4.ui.workbench.renderers.swt.StackRenderer.createTab(StackRenderer.java:825)
	at org.eclipse.e4.ui.workbench.renderers.swt.LazyStackRenderer.processContents(LazyStackRenderer.java:139)
	at org.eclipse.e4.ui.internal.workbench.swt.PartRenderingEngine.safeCreateGui(PartRenderingEngine.java:674)
	at org.eclipse.e4.ui.internal.workbench.swt.PartRenderingEngine.safeCreateGui(PartRenderingEngine.java:766)
	at org.eclipse.e4.ui.internal.workbench.swt.PartRenderingEngine.access$2(PartRenderingEngine.java:737)
	at org.eclipse.e4.ui.internal.workbench.swt.PartRenderingEngine$7.run(PartRenderingEngine.java:731)
	at org.eclipse.core.runtime.SafeRunner.run(SafeRunner.java:42)
	at org.eclipse.e4.ui.internal.workbench.swt.PartRenderingEngine.createGui(PartRenderingEngine.java:715)
	at org.eclipse.e4.ui.workbench.renderers.swt.SWTPartRenderer.processContents(SWTPartRenderer.java:69)
	at org.eclipse.e4.ui.workbench.renderers.swt.SashRenderer.processContents(SashRenderer.java:185)
	at org.eclipse.e4.ui.internal.workbench.swt.PartRenderingEngine.safeCreateGui(PartRenderingEngine.java:674)
	at org.eclipse.e4.ui.internal.workbench.swt.PartRenderingEngine.safeCreateGui(PartRenderingEngine.java:766)
	at org.eclipse.e4.ui.internal.workbench.swt.PartRenderingEngine.access$2(PartRenderingEngine.java:737)
	at org.eclipse.e4.ui.internal.workbench.swt.PartRenderingEngine$7.run(PartRenderingEngine.java:731)
	at org.eclipse.core.runtime.SafeRunner.run(SafeRunner.java:42)
	at org.eclipse.e4.ui.internal.workbench.swt.PartRenderingEngine.createGui(PartRenderingEngine.java:715)
	at org.eclipse.e4.ui.workbench.renderers.swt.SWTPartRenderer.processContents(SWTPartRenderer.java:69)
	at org.eclipse.e4.ui.workbench.renderers.swt.SashRenderer.processContents(SashRenderer.java:185)
	at org.eclipse.e4.ui.internal.workbench.swt.PartRenderingEngine.safeCreateGui(PartRenderingEngine.java:674)
	at org.eclipse.e4.ui.internal.workbench.swt.PartRenderingEngine.safeCreateGui(PartRenderingEngine.java:766)
	at org.eclipse.e4.ui.internal.workbench.swt.PartRenderingEngine.access$2(PartRenderingEngine.java:737)
	at org.eclipse.e4.ui.internal.workbench.swt.PartRenderingEngine$7.run(PartRenderingEngine.java:731)
	at org.eclipse.core.runtime.SafeRunner.run(SafeRunner.java:42)
	at org.eclipse.e4.ui.internal.workbench.swt.PartRenderingEngine.createGui(PartRenderingEngine.java:715)
	at org.eclipse.e4.ui.workbench.renderers.swt.SWTPartRenderer.processContents(SWTPartRenderer.java:69)
	at org.eclipse.e4.ui.workbench.renderers.swt.PerspectiveRenderer.processContents(PerspectiveRenderer.java:49)
	at org.eclipse.e4.ui.internal.workbench.swt.PartRenderingEngine.safeCreateGui(PartRenderingEngine.java:674)
	at org.eclipse.e4.ui.internal.workbench.swt.PartRenderingEngine.safeCreateGui(PartRenderingEngine.java:766)
	at org.eclipse.e4.ui.internal.workbench.swt.PartRenderingEngine.access$2(PartRenderingEngine.java:737)
	at org.eclipse.e4.ui.internal.workbench.swt.PartRenderingEngine$7.run(PartRenderingEngine.java:731)
	at org.eclipse.core.runtime.SafeRunner.run(SafeRunner.java:42)
	at org.eclipse.e4.ui.internal.workbench.swt.PartRenderingEngine.createGui(PartRenderingEngine.java:715)
	at org.eclipse.e4.ui.workbench.renderers.swt.PerspectiveStackRenderer.showTab(PerspectiveStackRenderer.java:103)
	at org.eclipse.e4.ui.workbench.renderers.swt.LazyStackRenderer.postProcess(LazyStackRenderer.java:103)
	at org.eclipse.e4.ui.workbench.renderers.swt.PerspectiveStackRenderer.postProcess(PerspectiveStackRenderer.java:77)
	at org.eclipse.e4.ui.internal.workbench.swt.PartRenderingEngine.safeCreateGui(PartRenderingEngine.java:678)
	at org.eclipse.e4.ui.internal.workbench.swt.PartRenderingEngine.safeCreateGui(PartRenderingEngine.java:766)
	at org.eclipse.e4.ui.internal.workbench.swt.PartRenderingEngine.access$2(PartRenderingEngine.java:737)
	at org.eclipse.e4.ui.internal.workbench.swt.PartRenderingEngine$7.run(PartRenderingEngine.java:731)
	at org.eclipse.core.runtime.SafeRunner.run(SafeRunner.java:42)
	at org.eclipse.e4.ui.internal.workbench.swt.PartRenderingEngine.createGui(PartRenderingEngine.java:715)
	at org.eclipse.e4.ui.workbench.renderers.swt.SWTPartRenderer.processContents(SWTPartRenderer.java:69)
	at org.eclipse.e4.ui.workbench.renderers.swt.SashRenderer.processContents(SashRenderer.java:185)
	at org.eclipse.e4.ui.internal.workbench.swt.PartRenderingEngine.safeCreateGui(PartRenderingEngine.java:674)
	at org.eclipse.e4.ui.internal.workbench.swt.PartRenderingEngine.safeCreateGui(PartRenderingEngine.java:766)
	at org.eclipse.e4.ui.internal.workbench.swt.PartRenderingEngine.access$2(PartRenderingEngine.java:737)
	at org.eclipse.e4.ui.internal.workbench.swt.PartRenderingEngine$7.run(PartRenderingEngine.java:731)
	at org.eclipse.core.runtime.SafeRunner.run(SafeRunner.java:42)
	at org.eclipse.e4.ui.internal.workbench.swt.PartRenderingEngine.createGui(PartRenderingEngine.java:715)
	at org.eclipse.e4.ui.workbench.renderers.swt.SWTPartRenderer.processContents(SWTPartRenderer.java:69)
	at org.eclipse.e4.ui.workbench.renderers.swt.WBWRenderer.processContents(WBWRenderer.java:663)
	at org.eclipse.e4.ui.internal.workbench.swt.PartRenderingEngine.safeCreateGui(PartRenderingEngine.java:674)
	at org.eclipse.e4.ui.internal.workbench.swt.PartRenderingEngine.safeCreateGui(PartRenderingEngine.java:766)
	at org.eclipse.e4.ui.internal.workbench.swt.PartRenderingEngine.access$2(PartRenderingEngine.java:737)
	at org.eclipse.e4.ui.internal.workbench.swt.PartRenderingEngine$7.run(PartRenderingEngine.java:731)
	at org.eclipse.core.runtime.SafeRunner.run(SafeRunner.java:42)
	at org.eclipse.e4.ui.internal.workbench.swt.PartRenderingEngine.createGui(PartRenderingEngine.java:715)
	at org.eclipse.e4.ui.internal.workbench.swt.PartRenderingEngine$9.run(PartRenderingEngine.java:1078)
	at org.eclipse.core.databinding.observable.Realm.runWithDefault(Realm.java:332)
	at org.eclipse.e4.ui.internal.workbench.swt.PartRenderingEngine.run(PartRenderingEngine.java:1032)
	at org.eclipse.e4.ui.internal.workbench.E4Workbench.createAndRunUI(E4Workbench.java:148)
	at org.eclipse.ui.internal.Workbench$5.run(Workbench.java:636)
	at org.eclipse.core.databinding.observable.Realm.runWithDefault(Realm.java:332)
	at org.eclipse.ui.internal.Workbench.createAndRunWorkbench(Workbench.java:579)
	at org.eclipse.ui.PlatformUI.createAndRunWorkbench(PlatformUI.java:150)
	at org.eclipse.ui.internal.ide.application.IDEApplication.start(IDEApplication.java:135)
	at org.eclipse.equinox.internal.app.EclipseAppHandle.run(EclipseAppHandle.java:196)
	at org.eclipse.core.runtime.internal.adaptor.EclipseAppLauncher.runApplication(EclipseAppLauncher.java:134)
	at org.eclipse.core.runtime.internal.adaptor.EclipseAppLauncher.start(EclipseAppLauncher.java:104)
	at org.eclipse.core.runtime.adaptor.EclipseStarter.run(EclipseStarter.java:380)
	at org.eclipse.core.runtime.adaptor.EclipseStarter.run(EclipseStarter.java:235)
	at sun.reflect.NativeMethodAccessorImpl.invoke0(Native Method)
	at sun.reflect.NativeMethodAccessorImpl.invoke(NativeMethodAccessorImpl.java:62)
	at sun.reflect.DelegatingMethodAccessorImpl.invoke(DelegatingMethodAccessorImpl.java:43)
	at java.lang.reflect.Method.invoke(Method.java:497)
	at org.eclipse.equinox.launcher.Main.invokeFramework(Main.java:648)
	at org.eclipse.equinox.launcher.Main.basicRun(Main.java:603)
	at org.eclipse.equinox.launcher.Main.run(Main.java:1465)

!ENTRY org.eclipse.jface 4 0 2015-09-03 12:33:29.370
!MESSAGE Unable to resolve plug-in "platform:/plugin/org.eclipse.datatools.connectivity.ui.dse/icons/full/cview16/enterprise_explorer.gif".
!STACK 0
java.io.IOException: Unable to resolve plug-in "platform:/plugin/org.eclipse.datatools.connectivity.ui.dse/icons/full/cview16/enterprise_explorer.gif".
	at org.eclipse.core.internal.runtime.PlatformURLPluginConnection.parse(PlatformURLPluginConnection.java:64)
	at org.eclipse.core.internal.runtime.PlatformURLPluginConnection.resolve(PlatformURLPluginConnection.java:75)
	at org.eclipse.core.internal.boot.PlatformURLHandler.openConnection(PlatformURLHandler.java:67)
	at org.eclipse.osgi.internal.url.URLStreamHandlerProxy.openConnection(URLStreamHandlerProxy.java:114)
	at java.net.URL.openConnection(URL.java:972)
	at org.eclipse.core.internal.runtime.PlatformURLConverter.toFileURL(PlatformURLConverter.java:33)
	at org.eclipse.core.runtime.FileLocator.toFileURL(FileLocator.java:206)
	at org.eclipse.jface.resource.URLImageDescriptor.getFilePath(URLImageDescriptor.java:141)
	at org.eclipse.jface.resource.URLImageDescriptor.createImage(URLImageDescriptor.java:162)
	at org.eclipse.jface.resource.ImageDescriptor.createImage(ImageDescriptor.java:230)
	at org.eclipse.jface.resource.ImageDescriptor.createImage(ImageDescriptor.java:208)
	at org.eclipse.e4.ui.workbench.renderers.swt.SWTPartRenderer.getImageFromURI(SWTPartRenderer.java:223)
	at org.eclipse.e4.ui.workbench.renderers.swt.SWTPartRenderer.getImage(SWTPartRenderer.java:235)
	at org.eclipse.e4.ui.workbench.renderers.swt.StackRenderer.createTab(StackRenderer.java:825)
	at org.eclipse.e4.ui.workbench.renderers.swt.LazyStackRenderer.processContents(LazyStackRenderer.java:139)
	at org.eclipse.e4.ui.internal.workbench.swt.PartRenderingEngine.safeCreateGui(PartRenderingEngine.java:674)
	at org.eclipse.e4.ui.internal.workbench.swt.PartRenderingEngine.safeCreateGui(PartRenderingEngine.java:766)
	at org.eclipse.e4.ui.internal.workbench.swt.PartRenderingEngine.access$2(PartRenderingEngine.java:737)
	at org.eclipse.e4.ui.internal.workbench.swt.PartRenderingEngine$7.run(PartRenderingEngine.java:731)
	at org.eclipse.core.runtime.SafeRunner.run(SafeRunner.java:42)
	at org.eclipse.e4.ui.internal.workbench.swt.PartRenderingEngine.createGui(PartRenderingEngine.java:715)
	at org.eclipse.e4.ui.workbench.renderers.swt.SWTPartRenderer.processContents(SWTPartRenderer.java:69)
	at org.eclipse.e4.ui.workbench.renderers.swt.SashRenderer.processContents(SashRenderer.java:185)
	at org.eclipse.e4.ui.internal.workbench.swt.PartRenderingEngine.safeCreateGui(PartRenderingEngine.java:674)
	at org.eclipse.e4.ui.internal.workbench.swt.PartRenderingEngine.safeCreateGui(PartRenderingEngine.java:766)
	at org.eclipse.e4.ui.internal.workbench.swt.PartRenderingEngine.access$2(PartRenderingEngine.java:737)
	at org.eclipse.e4.ui.internal.workbench.swt.PartRenderingEngine$7.run(PartRenderingEngine.java:731)
	at org.eclipse.core.runtime.SafeRunner.run(SafeRunner.java:42)
	at org.eclipse.e4.ui.internal.workbench.swt.PartRenderingEngine.createGui(PartRenderingEngine.java:715)
	at org.eclipse.e4.ui.workbench.renderers.swt.SWTPartRenderer.processContents(SWTPartRenderer.java:69)
	at org.eclipse.e4.ui.workbench.renderers.swt.SashRenderer.processContents(SashRenderer.java:185)
	at org.eclipse.e4.ui.internal.workbench.swt.PartRenderingEngine.safeCreateGui(PartRenderingEngine.java:674)
	at org.eclipse.e4.ui.internal.workbench.swt.PartRenderingEngine.safeCreateGui(PartRenderingEngine.java:766)
	at org.eclipse.e4.ui.internal.workbench.swt.PartRenderingEngine.access$2(PartRenderingEngine.java:737)
	at org.eclipse.e4.ui.internal.workbench.swt.PartRenderingEngine$7.run(PartRenderingEngine.java:731)
	at org.eclipse.core.runtime.SafeRunner.run(SafeRunner.java:42)
	at org.eclipse.e4.ui.internal.workbench.swt.PartRenderingEngine.createGui(PartRenderingEngine.java:715)
	at org.eclipse.e4.ui.workbench.renderers.swt.SWTPartRenderer.processContents(SWTPartRenderer.java:69)
	at org.eclipse.e4.ui.workbench.renderers.swt.PerspectiveRenderer.processContents(PerspectiveRenderer.java:49)
	at org.eclipse.e4.ui.internal.workbench.swt.PartRenderingEngine.safeCreateGui(PartRenderingEngine.java:674)
	at org.eclipse.e4.ui.internal.workbench.swt.PartRenderingEngine.safeCreateGui(PartRenderingEngine.java:766)
	at org.eclipse.e4.ui.internal.workbench.swt.PartRenderingEngine.access$2(PartRenderingEngine.java:737)
	at org.eclipse.e4.ui.internal.workbench.swt.PartRenderingEngine$7.run(PartRenderingEngine.java:731)
	at org.eclipse.core.runtime.SafeRunner.run(SafeRunner.java:42)
	at org.eclipse.e4.ui.internal.workbench.swt.PartRenderingEngine.createGui(PartRenderingEngine.java:715)
	at org.eclipse.e4.ui.workbench.renderers.swt.PerspectiveStackRenderer.showTab(PerspectiveStackRenderer.java:103)
	at org.eclipse.e4.ui.workbench.renderers.swt.LazyStackRenderer.postProcess(LazyStackRenderer.java:103)
	at org.eclipse.e4.ui.workbench.renderers.swt.PerspectiveStackRenderer.postProcess(PerspectiveStackRenderer.java:77)
	at org.eclipse.e4.ui.internal.workbench.swt.PartRenderingEngine.safeCreateGui(PartRenderingEngine.java:678)
	at org.eclipse.e4.ui.internal.workbench.swt.PartRenderingEngine.safeCreateGui(PartRenderingEngine.java:766)
	at org.eclipse.e4.ui.internal.workbench.swt.PartRenderingEngine.access$2(PartRenderingEngine.java:737)
	at org.eclipse.e4.ui.internal.workbench.swt.PartRenderingEngine$7.run(PartRenderingEngine.java:731)
	at org.eclipse.core.runtime.SafeRunner.run(SafeRunner.java:42)
	at org.eclipse.e4.ui.internal.workbench.swt.PartRenderingEngine.createGui(PartRenderingEngine.java:715)
	at org.eclipse.e4.ui.workbench.renderers.swt.SWTPartRenderer.processContents(SWTPartRenderer.java:69)
	at org.eclipse.e4.ui.workbench.renderers.swt.SashRenderer.processContents(SashRenderer.java:185)
	at org.eclipse.e4.ui.internal.workbench.swt.PartRenderingEngine.safeCreateGui(PartRenderingEngine.java:674)
	at org.eclipse.e4.ui.internal.workbench.swt.PartRenderingEngine.safeCreateGui(PartRenderingEngine.java:766)
	at org.eclipse.e4.ui.internal.workbench.swt.PartRenderingEngine.access$2(PartRenderingEngine.java:737)
	at org.eclipse.e4.ui.internal.workbench.swt.PartRenderingEngine$7.run(PartRenderingEngine.java:731)
	at org.eclipse.core.runtime.SafeRunner.run(SafeRunner.java:42)
	at org.eclipse.e4.ui.internal.workbench.swt.PartRenderingEngine.createGui(PartRenderingEngine.java:715)
	at org.eclipse.e4.ui.workbench.renderers.swt.SWTPartRenderer.processContents(SWTPartRenderer.java:69)
	at org.eclipse.e4.ui.workbench.renderers.swt.WBWRenderer.processContents(WBWRenderer.java:663)
	at org.eclipse.e4.ui.internal.workbench.swt.PartRenderingEngine.safeCreateGui(PartRenderingEngine.java:674)
	at org.eclipse.e4.ui.internal.workbench.swt.PartRenderingEngine.safeCreateGui(PartRenderingEngine.java:766)
	at org.eclipse.e4.ui.internal.workbench.swt.PartRenderingEngine.access$2(PartRenderingEngine.java:737)
	at org.eclipse.e4.ui.internal.workbench.swt.PartRenderingEngine$7.run(PartRenderingEngine.java:731)
	at org.eclipse.core.runtime.SafeRunner.run(SafeRunner.java:42)
	at org.eclipse.e4.ui.internal.workbench.swt.PartRenderingEngine.createGui(PartRenderingEngine.java:715)
	at org.eclipse.e4.ui.internal.workbench.swt.PartRenderingEngine$9.run(PartRenderingEngine.java:1078)
	at org.eclipse.core.databinding.observable.Realm.runWithDefault(Realm.java:332)
	at org.eclipse.e4.ui.internal.workbench.swt.PartRenderingEngine.run(PartRenderingEngine.java:1032)
	at org.eclipse.e4.ui.internal.workbench.E4Workbench.createAndRunUI(E4Workbench.java:148)
	at org.eclipse.ui.internal.Workbench$5.run(Workbench.java:636)
	at org.eclipse.core.databinding.observable.Realm.runWithDefault(Realm.java:332)
	at org.eclipse.ui.internal.Workbench.createAndRunWorkbench(Workbench.java:579)
	at org.eclipse.ui.PlatformUI.createAndRunWorkbench(PlatformUI.java:150)
	at org.eclipse.ui.internal.ide.application.IDEApplication.start(IDEApplication.java:135)
	at org.eclipse.equinox.internal.app.EclipseAppHandle.run(EclipseAppHandle.java:196)
	at org.eclipse.core.runtime.internal.adaptor.EclipseAppLauncher.runApplication(EclipseAppLauncher.java:134)
	at org.eclipse.core.runtime.internal.adaptor.EclipseAppLauncher.start(EclipseAppLauncher.java:104)
	at org.eclipse.core.runtime.adaptor.EclipseStarter.run(EclipseStarter.java:380)
	at org.eclipse.core.runtime.adaptor.EclipseStarter.run(EclipseStarter.java:235)
	at sun.reflect.NativeMethodAccessorImpl.invoke0(Native Method)
	at sun.reflect.NativeMethodAccessorImpl.invoke(NativeMethodAccessorImpl.java:62)
	at sun.reflect.DelegatingMethodAccessorImpl.invoke(DelegatingMethodAccessorImpl.java:43)
	at java.lang.reflect.Method.invoke(Method.java:497)
	at org.eclipse.equinox.launcher.Main.invokeFramework(Main.java:648)
	at org.eclipse.equinox.launcher.Main.basicRun(Main.java:603)
	at org.eclipse.equinox.launcher.Main.run(Main.java:1465)

!ENTRY org.eclipse.jface 4 0 2015-09-03 12:33:35.759
!MESSAGE Unable to resolve plug-in "platform:/plugin/org.eclipse.jst.j2ee.ui/icons/full/cview16/j2ee_perspective.gif".
!STACK 0
java.io.IOException: Unable to resolve plug-in "platform:/plugin/org.eclipse.jst.j2ee.ui/icons/full/cview16/j2ee_perspective.gif".
	at org.eclipse.core.internal.runtime.PlatformURLPluginConnection.parse(PlatformURLPluginConnection.java:64)
	at org.eclipse.core.internal.runtime.PlatformURLPluginConnection.resolve(PlatformURLPluginConnection.java:75)
	at org.eclipse.core.internal.boot.PlatformURLHandler.openConnection(PlatformURLHandler.java:67)
	at org.eclipse.osgi.internal.url.URLStreamHandlerProxy.openConnection(URLStreamHandlerProxy.java:114)
	at java.net.URL.openConnection(URL.java:972)
	at org.eclipse.core.internal.runtime.PlatformURLConverter.toFileURL(PlatformURLConverter.java:33)
	at org.eclipse.core.runtime.FileLocator.toFileURL(FileLocator.java:206)
	at org.eclipse.jface.resource.URLImageDescriptor.getFilePath(URLImageDescriptor.java:141)
	at org.eclipse.jface.resource.URLImageDescriptor.createImage(URLImageDescriptor.java:162)
	at org.eclipse.jface.resource.ImageDescriptor.createImage(ImageDescriptor.java:230)
	at org.eclipse.jface.resource.ImageDescriptor.createImage(ImageDescriptor.java:208)
	at org.eclipse.e4.ui.workbench.addons.minmax.TrimStack.getImage(TrimStack.java:834)
	at org.eclipse.e4.ui.workbench.addons.minmax.TrimStack.updateTrimStackItems(TrimStack.java:897)
	at org.eclipse.e4.ui.workbench.addons.minmax.TrimStack.createWidget(TrimStack.java:636)
	at sun.reflect.NativeMethodAccessorImpl.invoke0(Native Method)
	at sun.reflect.NativeMethodAccessorImpl.invoke(NativeMethodAccessorImpl.java:62)
	at sun.reflect.DelegatingMethodAccessorImpl.invoke(DelegatingMethodAccessorImpl.java:43)
	at java.lang.reflect.Method.invoke(Method.java:497)
	at org.eclipse.e4.core.internal.di.MethodRequestor.execute(MethodRequestor.java:55)
	at org.eclipse.e4.core.internal.di.InjectorImpl.processAnnotated(InjectorImpl.java:888)
	at org.eclipse.e4.core.internal.di.InjectorImpl.inject(InjectorImpl.java:120)
	at org.eclipse.e4.core.internal.di.InjectorImpl.internalMake(InjectorImpl.java:337)
	at org.eclipse.e4.core.internal.di.InjectorImpl.make(InjectorImpl.java:271)
	at org.eclipse.e4.core.contexts.ContextInjectionFactory.make(ContextInjectionFactory.java:186)
	at org.eclipse.e4.ui.internal.workbench.ReflectionContributionFactory.createFromBundle(ReflectionContributionFactory.java:107)
	at org.eclipse.e4.ui.internal.workbench.ReflectionContributionFactory.doCreate(ReflectionContributionFactory.java:73)
	at org.eclipse.e4.ui.internal.workbench.ReflectionContributionFactory.create(ReflectionContributionFactory.java:50)
	at org.eclipse.e4.ui.workbench.renderers.swt.ToolControlRenderer.createWidget(ToolControlRenderer.java:108)
	at org.eclipse.e4.ui.internal.workbench.swt.PartRenderingEngine.createWidget(PartRenderingEngine.java:983)
	at org.eclipse.e4.ui.internal.workbench.swt.PartRenderingEngine.safeCreateGui(PartRenderingEngine.java:662)
	at org.eclipse.e4.ui.internal.workbench.swt.PartRenderingEngine.safeCreateGui(PartRenderingEngine.java:766)
	at org.eclipse.e4.ui.internal.workbench.swt.PartRenderingEngine.access$2(PartRenderingEngine.java:737)
	at org.eclipse.e4.ui.internal.workbench.swt.PartRenderingEngine$7.run(PartRenderingEngine.java:731)
	at org.eclipse.core.runtime.SafeRunner.run(SafeRunner.java:42)
	at org.eclipse.e4.ui.internal.workbench.swt.PartRenderingEngine.createGui(PartRenderingEngine.java:715)
	at org.eclipse.e4.ui.workbench.renderers.swt.SWTPartRenderer.processContents(SWTPartRenderer.java:69)
	at org.eclipse.e4.ui.workbench.renderers.swt.TrimBarRenderer.processContents(TrimBarRenderer.java:157)
	at org.eclipse.e4.ui.internal.workbench.swt.PartRenderingEngine.safeCreateGui(PartRenderingEngine.java:674)
	at org.eclipse.e4.ui.internal.workbench.swt.PartRenderingEngine$6.run(PartRenderingEngine.java:547)
	at org.eclipse.core.runtime.SafeRunner.run(SafeRunner.java:42)
	at org.eclipse.e4.ui.internal.workbench.swt.PartRenderingEngine.createGui(PartRenderingEngine.java:531)
	at org.eclipse.e4.ui.workbench.renderers.swt.WBWRenderer.processContents(WBWRenderer.java:686)
	at org.eclipse.e4.ui.internal.workbench.swt.PartRenderingEngine.safeCreateGui(PartRenderingEngine.java:674)
	at org.eclipse.e4.ui.internal.workbench.swt.PartRenderingEngine.safeCreateGui(PartRenderingEngine.java:766)
	at org.eclipse.e4.ui.internal.workbench.swt.PartRenderingEngine.access$2(PartRenderingEngine.java:737)
	at org.eclipse.e4.ui.internal.workbench.swt.PartRenderingEngine$7.run(PartRenderingEngine.java:731)
	at org.eclipse.core.runtime.SafeRunner.run(SafeRunner.java:42)
	at org.eclipse.e4.ui.internal.workbench.swt.PartRenderingEngine.createGui(PartRenderingEngine.java:715)
	at org.eclipse.e4.ui.internal.workbench.swt.PartRenderingEngine$9.run(PartRenderingEngine.java:1078)
	at org.eclipse.core.databinding.observable.Realm.runWithDefault(Realm.java:332)
	at org.eclipse.e4.ui.internal.workbench.swt.PartRenderingEngine.run(PartRenderingEngine.java:1032)
	at org.eclipse.e4.ui.internal.workbench.E4Workbench.createAndRunUI(E4Workbench.java:148)
	at org.eclipse.ui.internal.Workbench$5.run(Workbench.java:636)
	at org.eclipse.core.databinding.observable.Realm.runWithDefault(Realm.java:332)
	at org.eclipse.ui.internal.Workbench.createAndRunWorkbench(Workbench.java:579)
	at org.eclipse.ui.PlatformUI.createAndRunWorkbench(PlatformUI.java:150)
	at org.eclipse.ui.internal.ide.application.IDEApplication.start(IDEApplication.java:135)
	at org.eclipse.equinox.internal.app.EclipseAppHandle.run(EclipseAppHandle.java:196)
	at org.eclipse.core.runtime.internal.adaptor.EclipseAppLauncher.runApplication(EclipseAppLauncher.java:134)
	at org.eclipse.core.runtime.internal.adaptor.EclipseAppLauncher.start(EclipseAppLauncher.java:104)
	at org.eclipse.core.runtime.adaptor.EclipseStarter.run(EclipseStarter.java:380)
	at org.eclipse.core.runtime.adaptor.EclipseStarter.run(EclipseStarter.java:235)
	at sun.reflect.NativeMethodAccessorImpl.invoke0(Native Method)
	at sun.reflect.NativeMethodAccessorImpl.invoke(NativeMethodAccessorImpl.java:62)
	at sun.reflect.DelegatingMethodAccessorImpl.invoke(DelegatingMethodAccessorImpl.java:43)
	at java.lang.reflect.Method.invoke(Method.java:497)
	at org.eclipse.equinox.launcher.Main.invokeFramework(Main.java:648)
	at org.eclipse.equinox.launcher.Main.basicRun(Main.java:603)
	at org.eclipse.equinox.launcher.Main.run(Main.java:1465)

!ENTRY org.eclipse.egit.ui 2 0 2015-09-03 12:33:43.905
!MESSAGE Warning: EGit couldn't detect the installation path "gitPrefix" of native Git. Hence EGit can't respect system level
Git settings which might be configured in ${gitPrefix}/etc/gitconfig under the native Git installation directory.
The most important of these settings is core.autocrlf. Git for Windows by default sets this parameter to true in
this system level configuration. The Git installation location can be configured on the
Team > Git > Configuration preference page's 'System Settings' tab.
This warning can be switched off on the Team > Git > Confirmations and Warnings preference page.

!ENTRY org.eclipse.egit.ui 2 0 2015-09-03 12:33:43.908
!MESSAGE Warning: The environment variable HOME is not set. The following directory will be used to store the Git
user global configuration and to define the default location to store repositories: 'C:\Users\Vishnu teja'. If this is
not correct please set the HOME environment variable and restart Eclipse. Otherwise Git for Windows and
EGit might behave differently since they see different configuration options.
This warning can be switched off on the Team > Git > Confirmations and Warnings preference page.
!SESSION 2015-09-03 15:42:47.702 -----------------------------------------------
eclipse.buildId=4.5.0.I20150603-2000
java.version=1.7.0_79
java.vendor=Oracle Corporation
BootLoader constants: OS=win32, ARCH=x86_64, WS=win32, NL=en_US
Framework arguments:  -product org.eclipse.epp.package.jee.product
Command-line arguments:  -os win32 -ws win32 -arch x86_64 -product org.eclipse.epp.package.jee.product

!ENTRY org.eclipse.egit.ui 2 0 2015-09-03 15:44:06.425
!MESSAGE Warning: The environment variable HOME is not set. The following directory will be used to store the Git
user global configuration and to define the default location to store repositories: 'C:\Users\Srilu'. If this is
not correct please set the HOME environment variable and restart Eclipse. Otherwise Git for Windows and
EGit might behave differently since they see different configuration options.
This warning can be switched off on the Team > Git > Confirmations and Warnings preference page.

!ENTRY org.eclipse.recommenders.rcp 2 15 2015-09-03 17:55:19.014
!MESSAGE Failed to parse news feed
!STACK 0
java.net.UnknownHostException: www.codetrails.com
	at java.net.Inet6AddressImpl.lookupAllHostAddr(Native Method)
	at java.net.InetAddress$1.lookupAllHostAddr(Unknown Source)
	at java.net.InetAddress.getAddressesFromNameService(Unknown Source)
	at java.net.InetAddress.getAllByName0(Unknown Source)
	at java.net.InetAddress.getAllByName(Unknown Source)
	at java.net.InetAddress.getAllByName(Unknown Source)
	at org.apache.http.impl.conn.SystemDefaultDnsResolver.resolve(SystemDefaultDnsResolver.java:44)
	at org.apache.http.impl.conn.HttpClientConnectionOperator.connect(HttpClientConnectionOperator.java:102)
	at org.apache.http.impl.conn.PoolingHttpClientConnectionManager.connect(PoolingHttpClientConnectionManager.java:319)
	at org.apache.http.impl.execchain.MainClientExec.establishRoute(MainClientExec.java:363)
	at org.apache.http.impl.execchain.MainClientExec.execute(MainClientExec.java:219)
	at org.apache.http.impl.execchain.ProtocolExec.execute(ProtocolExec.java:195)
	at org.apache.http.impl.execchain.RetryExec.execute(RetryExec.java:86)
	at org.apache.http.impl.execchain.RedirectExec.execute(RedirectExec.java:108)
	at org.apache.http.impl.client.InternalHttpClient.doExecute(InternalHttpClient.java:184)
	at org.apache.http.impl.client.CloseableHttpClient.execute(CloseableHttpClient.java:82)
	at org.apache.http.impl.client.CloseableHttpClient.execute(CloseableHttpClient.java:57)
	at org.apache.http.client.fluent.Executor.execute(Executor.java:206)
	at org.eclipse.recommenders.internal.rcp.news.CheckForProjectNewsJob.getRSSFeed(CheckForProjectNewsJob.java:138)
	at org.eclipse.recommenders.internal.rcp.news.CheckForProjectNewsJob.doRun(CheckForProjectNewsJob.java:89)
	at org.eclipse.recommenders.internal.rcp.news.CheckForProjectNewsJob.run(CheckForProjectNewsJob.java:62)
	at org.eclipse.core.internal.jobs.Worker.run(Worker.java:55)

!ENTRY org.eclipse.core.jobs 4 2 2015-09-03 21:55:39.234
!MESSAGE An internal error occurred during: "Periodic workspace save.".
!STACK 0
java.lang.IllegalArgumentException: Cannot set lower sequence number for root (previous: 2, new: 1). Location: C:\Users\Vishnu teja\Dropbox\Java_Assignment\.metadata\.plugins\org.eclipse.core.resources\.safetable\org.eclipse.core.resources
	at org.eclipse.core.runtime.Assert.isLegal(Assert.java:63)
	at org.eclipse.core.internal.resources.SaveManager.validateMasterTableBeforeSave(SaveManager.java:1599)
	at org.eclipse.core.internal.resources.SaveManager.saveMasterTable(SaveManager.java:1263)
	at org.eclipse.core.internal.resources.SaveManager.saveMasterTable(SaveManager.java:1255)
	at org.eclipse.core.internal.resources.SaveManager.save(SaveManager.java:1232)
	at org.eclipse.core.internal.resources.SaveManager.save(SaveManager.java:1144)
	at org.eclipse.core.internal.resources.DelayedSnapshotJob.run(DelayedSnapshotJob.java:51)
	at org.eclipse.core.internal.jobs.Worker.run(Worker.java:54)

!ENTRY org.eclipse.core.jobs 4 2 2015-09-04 07:09:49.362
!MESSAGE An internal error occurred during: "Periodic workspace save.".
!STACK 0
java.lang.IllegalArgumentException: Cannot set lower sequence number for root (previous: 2, new: 1). Location: C:\Users\Vishnu teja\Dropbox\Java_Assignment\.metadata\.plugins\org.eclipse.core.resources\.safetable\org.eclipse.core.resources
	at org.eclipse.core.runtime.Assert.isLegal(Assert.java:63)
	at org.eclipse.core.internal.resources.SaveManager.validateMasterTableBeforeSave(SaveManager.java:1599)
	at org.eclipse.core.internal.resources.SaveManager.saveMasterTable(SaveManager.java:1263)
	at org.eclipse.core.internal.resources.SaveManager.saveMasterTable(SaveManager.java:1255)
	at org.eclipse.core.internal.resources.SaveManager.save(SaveManager.java:1232)
	at org.eclipse.core.internal.resources.SaveManager.save(SaveManager.java:1144)
	at org.eclipse.core.internal.resources.DelayedSnapshotJob.run(DelayedSnapshotJob.java:51)
	at org.eclipse.core.internal.jobs.Worker.run(Worker.java:54)

!ENTRY org.eclipse.jdt.debug 4 125 2015-09-04 11:00:28.739
!MESSAGE Internal error logged from JDI Debug: 
!STACK 0
org.eclipse.jdi.TimeoutException: Timeout occurred while waiting for packet 1289.
	at org.eclipse.jdi.internal.connect.PacketReceiveManager.getReply(PacketReceiveManager.java:186)
	at org.eclipse.jdi.internal.connect.PacketReceiveManager.getReply(PacketReceiveManager.java:197)
	at org.eclipse.jdi.internal.MirrorImpl.requestVM(MirrorImpl.java:191)
	at org.eclipse.jdi.internal.MirrorImpl.requestVM(MirrorImpl.java:226)
	at org.eclipse.jdi.internal.VirtualMachineImpl.classesBySignature(VirtualMachineImpl.java:638)
	at org.eclipse.jdi.internal.VirtualMachineImpl.classesByName(VirtualMachineImpl.java:667)
	at org.eclipse.jdt.internal.debug.core.model.JDIDebugTarget.getJavaTypes(JDIDebugTarget.java:1718)
	at org.eclipse.jdt.internal.debug.ui.JavaDebugHover.getHoverInfo2(JavaDebugHover.java:289)
	at org.eclipse.jdt.internal.ui.text.java.hover.BestMatchHover.getHoverInfo2(BestMatchHover.java:163)
	at org.eclipse.jdt.internal.ui.text.java.hover.BestMatchHover.getHoverInfo2(BestMatchHover.java:129)
	at org.eclipse.jdt.internal.ui.text.java.hover.JavaEditorTextHoverProxy.getHoverInfo2(JavaEditorTextHoverProxy.java:85)
	at org.eclipse.jface.text.TextViewerHoverManager$4.run(TextViewerHoverManager.java:166)

!ENTRY org.eclipse.core.jobs 4 2 2015-09-04 11:07:07.478
!MESSAGE An internal error occurred during: "Periodic workspace save.".
!STACK 0
java.lang.IllegalArgumentException: Cannot set lower sequence number for root (previous: 2, new: 1). Location: C:\Users\Vishnu teja\Dropbox\Java_Assignment\.metadata\.plugins\org.eclipse.core.resources\.safetable\org.eclipse.core.resources
	at org.eclipse.core.runtime.Assert.isLegal(Assert.java:63)
	at org.eclipse.core.internal.resources.SaveManager.validateMasterTableBeforeSave(SaveManager.java:1599)
	at org.eclipse.core.internal.resources.SaveManager.saveMasterTable(SaveManager.java:1263)
	at org.eclipse.core.internal.resources.SaveManager.saveMasterTable(SaveManager.java:1255)
	at org.eclipse.core.internal.resources.SaveManager.save(SaveManager.java:1232)
	at org.eclipse.core.internal.resources.SaveManager.save(SaveManager.java:1144)
	at org.eclipse.core.internal.resources.DelayedSnapshotJob.run(DelayedSnapshotJob.java:51)
	at org.eclipse.core.internal.jobs.Worker.run(Worker.java:54)

!ENTRY org.eclipse.core.jobs 4 2 2015-09-04 11:18:38.944
!MESSAGE An internal error occurred during: "Periodic workspace save.".
!STACK 0
java.lang.IllegalArgumentException: Cannot set lower sequence number for root (previous: 2, new: 1). Location: C:\Users\Vishnu teja\Dropbox\Java_Assignment\.metadata\.plugins\org.eclipse.core.resources\.safetable\org.eclipse.core.resources
	at org.eclipse.core.runtime.Assert.isLegal(Assert.java:63)
	at org.eclipse.core.internal.resources.SaveManager.validateMasterTableBeforeSave(SaveManager.java:1599)
	at org.eclipse.core.internal.resources.SaveManager.saveMasterTable(SaveManager.java:1263)
	at org.eclipse.core.internal.resources.SaveManager.saveMasterTable(SaveManager.java:1255)
	at org.eclipse.core.internal.resources.SaveManager.save(SaveManager.java:1232)
	at org.eclipse.core.internal.resources.SaveManager.save(SaveManager.java:1144)
	at org.eclipse.core.internal.resources.DelayedSnapshotJob.run(DelayedSnapshotJob.java:51)
	at org.eclipse.core.internal.jobs.Worker.run(Worker.java:54)

!ENTRY org.eclipse.core.jobs 4 2 2015-09-04 12:03:39.310
!MESSAGE An internal error occurred during: "Periodic workspace save.".
!STACK 0
java.lang.IllegalArgumentException: Cannot set lower sequence number for root (previous: 2, new: 1). Location: C:\Users\Vishnu teja\Dropbox\Java_Assignment\.metadata\.plugins\org.eclipse.core.resources\.safetable\org.eclipse.core.resources
	at org.eclipse.core.runtime.Assert.isLegal(Assert.java:63)
	at org.eclipse.core.internal.resources.SaveManager.validateMasterTableBeforeSave(SaveManager.java:1599)
	at org.eclipse.core.internal.resources.SaveManager.saveMasterTable(SaveManager.java:1263)
	at org.eclipse.core.internal.resources.SaveManager.saveMasterTable(SaveManager.java:1255)
	at org.eclipse.core.internal.resources.SaveManager.save(SaveManager.java:1232)
	at org.eclipse.core.internal.resources.SaveManager.save(SaveManager.java:1144)
	at org.eclipse.core.internal.resources.DelayedSnapshotJob.run(DelayedSnapshotJob.java:51)
	at org.eclipse.core.internal.jobs.Worker.run(Worker.java:54)

!ENTRY org.eclipse.core.jobs 4 2 2015-09-04 12:34:05.494
!MESSAGE An internal error occurred during: "Periodic workspace save.".
!STACK 0
java.lang.IllegalArgumentException: Cannot set lower sequence number for root (previous: 3, new: 1). Location: C:\Users\Vishnu teja\Dropbox\Java_Assignment\.metadata\.plugins\org.eclipse.core.resources\.safetable\org.eclipse.core.resources
	at org.eclipse.core.runtime.Assert.isLegal(Assert.java:63)
	at org.eclipse.core.internal.resources.SaveManager.validateMasterTableBeforeSave(SaveManager.java:1599)
	at org.eclipse.core.internal.resources.SaveManager.saveMasterTable(SaveManager.java:1263)
	at org.eclipse.core.internal.resources.SaveManager.saveMasterTable(SaveManager.java:1255)
	at org.eclipse.core.internal.resources.SaveManager.save(SaveManager.java:1232)
	at org.eclipse.core.internal.resources.SaveManager.save(SaveManager.java:1144)
	at org.eclipse.core.internal.resources.DelayedSnapshotJob.run(DelayedSnapshotJob.java:51)
	at org.eclipse.core.internal.jobs.Worker.run(Worker.java:54)

!ENTRY org.eclipse.core.jobs 4 2 2015-09-04 19:34:07.933
!MESSAGE An internal error occurred during: "Periodic workspace save.".
!STACK 0
java.lang.IllegalArgumentException: Cannot set lower sequence number for root (previous: 3, new: 1). Location: C:\Users\Vishnu teja\Dropbox\Java_Assignment\.metadata\.plugins\org.eclipse.core.resources\.safetable\org.eclipse.core.resources
	at org.eclipse.core.runtime.Assert.isLegal(Assert.java:63)
	at org.eclipse.core.internal.resources.SaveManager.validateMasterTableBeforeSave(SaveManager.java:1599)
	at org.eclipse.core.internal.resources.SaveManager.saveMasterTable(SaveManager.java:1263)
	at org.eclipse.core.internal.resources.SaveManager.saveMasterTable(SaveManager.java:1255)
	at org.eclipse.core.internal.resources.SaveManager.save(SaveManager.java:1232)
	at org.eclipse.core.internal.resources.SaveManager.save(SaveManager.java:1144)
	at org.eclipse.core.internal.resources.DelayedSnapshotJob.run(DelayedSnapshotJob.java:51)
	at org.eclipse.core.internal.jobs.Worker.run(Worker.java:54)

!ENTRY org.eclipse.core.jobs 4 2 2015-09-05 01:54:30.861
!MESSAGE An internal error occurred during: "Periodic workspace save.".
!STACK 0
java.lang.IllegalArgumentException: Cannot set lower sequence number for root (previous: 3, new: 1). Location: C:\Users\Vishnu teja\Dropbox\Java_Assignment\.metadata\.plugins\org.eclipse.core.resources\.safetable\org.eclipse.core.resources
	at org.eclipse.core.runtime.Assert.isLegal(Assert.java:63)
	at org.eclipse.core.internal.resources.SaveManager.validateMasterTableBeforeSave(SaveManager.java:1599)
	at org.eclipse.core.internal.resources.SaveManager.saveMasterTable(SaveManager.java:1263)
	at org.eclipse.core.internal.resources.SaveManager.saveMasterTable(SaveManager.java:1255)
	at org.eclipse.core.internal.resources.SaveManager.save(SaveManager.java:1232)
	at org.eclipse.core.internal.resources.SaveManager.save(SaveManager.java:1144)
	at org.eclipse.core.internal.resources.DelayedSnapshotJob.run(DelayedSnapshotJob.java:51)
	at org.eclipse.core.internal.jobs.Worker.run(Worker.java:54)
!SESSION 2015-09-05 13:18:37.884 -----------------------------------------------
eclipse.buildId=4.4.2.M20150204-1700
java.version=1.8.0_45
java.vendor=Oracle Corporation
BootLoader constants: OS=win32, ARCH=x86_64, WS=win32, NL=en_IN
Framework arguments:  -product org.eclipse.epp.package.java.product
Command-line arguments:  -os win32 -ws win32 -arch x86_64 -product org.eclipse.epp.package.java.product

!ENTRY org.eclipse.e4.ui.workbench 4 0 2015-09-05 13:19:07.893
!MESSAGE Unable to load class 'org.eclipse.ui.internal.ide.application.addons.ModelCleanupAddon' from bundle '353'
!STACK 0
java.lang.ClassNotFoundException: org.eclipse.ui.internal.ide.application.addons.ModelCleanupAddon cannot be found by org.eclipse.ui.ide.application_1.0.501.v20141111-1238
	at org.eclipse.osgi.internal.loader.BundleLoader.findClassInternal(BundleLoader.java:432)
	at org.eclipse.osgi.internal.loader.BundleLoader.findClass(BundleLoader.java:345)
	at org.eclipse.osgi.internal.loader.BundleLoader.findClass(BundleLoader.java:337)
	at org.eclipse.osgi.internal.loader.ModuleClassLoader.loadClass(ModuleClassLoader.java:160)
	at java.lang.ClassLoader.loadClass(ClassLoader.java:357)
	at org.eclipse.osgi.internal.framework.EquinoxBundle.loadClass(EquinoxBundle.java:568)
	at org.eclipse.e4.ui.internal.workbench.ReflectionContributionFactory.createFromBundle(ReflectionContributionFactory.java:102)
	at org.eclipse.e4.ui.internal.workbench.ReflectionContributionFactory.doCreate(ReflectionContributionFactory.java:73)
	at org.eclipse.e4.ui.internal.workbench.ReflectionContributionFactory.create(ReflectionContributionFactory.java:50)
	at org.eclipse.e4.ui.internal.workbench.swt.E4Application.createE4Workbench(E4Application.java:294)
	at org.eclipse.ui.internal.Workbench$5.run(Workbench.java:601)
	at org.eclipse.core.databinding.observable.Realm.runWithDefault(Realm.java:332)
	at org.eclipse.ui.internal.Workbench.createAndRunWorkbench(Workbench.java:579)
	at org.eclipse.ui.PlatformUI.createAndRunWorkbench(PlatformUI.java:150)
	at org.eclipse.ui.internal.ide.application.IDEApplication.start(IDEApplication.java:135)
	at org.eclipse.equinox.internal.app.EclipseAppHandle.run(EclipseAppHandle.java:196)
	at org.eclipse.core.runtime.internal.adaptor.EclipseAppLauncher.runApplication(EclipseAppLauncher.java:134)
	at org.eclipse.core.runtime.internal.adaptor.EclipseAppLauncher.start(EclipseAppLauncher.java:104)
	at org.eclipse.core.runtime.adaptor.EclipseStarter.run(EclipseStarter.java:380)
	at org.eclipse.core.runtime.adaptor.EclipseStarter.run(EclipseStarter.java:235)
	at sun.reflect.NativeMethodAccessorImpl.invoke0(Native Method)
	at sun.reflect.NativeMethodAccessorImpl.invoke(NativeMethodAccessorImpl.java:62)
	at sun.reflect.DelegatingMethodAccessorImpl.invoke(DelegatingMethodAccessorImpl.java:43)
	at java.lang.reflect.Method.invoke(Method.java:497)
	at org.eclipse.equinox.launcher.Main.invokeFramework(Main.java:648)
	at org.eclipse.equinox.launcher.Main.basicRun(Main.java:603)
	at org.eclipse.equinox.launcher.Main.run(Main.java:1465)

!ENTRY org.eclipse.egit.ui 2 0 2015-09-05 13:19:50.503
!MESSAGE Warning: EGit couldn't detect the installation path "gitPrefix" of native Git. Hence EGit can't respect system level
Git settings which might be configured in ${gitPrefix}/etc/gitconfig under the native Git installation directory.
The most important of these settings is core.autocrlf. Git for Windows by default sets this parameter to true in
this system level configuration. The Git installation location can be configured on the
Team > Git > Configuration preference page's 'System Settings' tab.
This warning can be switched off on the Team > Git > Confirmations and Warnings preference page.

!ENTRY org.eclipse.egit.ui 2 0 2015-09-05 13:19:50.520
!MESSAGE Warning: The environment variable HOME is not set. The following directory will be used to store the Git
user global configuration and to define the default location to store repositories: 'C:\Users\Vishnu teja'. If this is
not correct please set the HOME environment variable and restart Eclipse. Otherwise Git for Windows and
EGit might behave differently since they see different configuration options.
This warning can be switched off on the Team > Git > Confirmations and Warnings preference page.
!SESSION 2015-09-07 13:31:24.705 -----------------------------------------------
eclipse.buildId=4.5.0.I20150603-2000
java.version=1.7.0_79
java.vendor=Oracle Corporation
BootLoader constants: OS=win32, ARCH=x86_64, WS=win32, NL=en_US
Framework arguments:  -product org.eclipse.epp.package.jee.product
Command-line arguments:  -os win32 -ws win32 -arch x86_64 -product org.eclipse.epp.package.jee.product

!ENTRY org.eclipse.core.resources 4 567 2015-09-07 13:31:31.241
!MESSAGE Workspace restored, but some problems occurred.
!SUBENTRY 1 org.eclipse.core.resources 4 567 2015-09-07 13:31:31.241
!MESSAGE Could not read metadata for 'Calculator'.
!STACK 1
org.eclipse.core.internal.resources.ResourceException: The project description file (.project) for 'Calculator' is missing.  This file contains important information about the project.  The project will not function properly until this file is restored.
	at org.eclipse.core.internal.localstore.FileSystemResourceManager.read(FileSystemResourceManager.java:888)
	at org.eclipse.core.internal.resources.SaveManager.restoreMetaInfo(SaveManager.java:902)
	at org.eclipse.core.internal.resources.SaveManager.restoreMetaInfo(SaveManager.java:882)
	at org.eclipse.core.internal.resources.SaveManager.restore(SaveManager.java:733)
	at org.eclipse.core.internal.resources.SaveManager.startup(SaveManager.java:1588)
	at org.eclipse.core.internal.resources.Workspace.startup(Workspace.java:2386)
	at org.eclipse.core.internal.resources.Workspace.open(Workspace.java:2157)
	at org.eclipse.core.resources.ResourcesPlugin.start(ResourcesPlugin.java:463)
	at org.eclipse.osgi.internal.framework.BundleContextImpl$3.run(BundleContextImpl.java:771)
	at org.eclipse.osgi.internal.framework.BundleContextImpl$3.run(BundleContextImpl.java:1)
	at java.security.AccessController.doPrivileged(Native Method)
	at org.eclipse.osgi.internal.framework.BundleContextImpl.startActivator(BundleContextImpl.java:764)
	at org.eclipse.osgi.internal.framework.BundleContextImpl.start(BundleContextImpl.java:721)
	at org.eclipse.osgi.internal.framework.EquinoxBundle.startWorker0(EquinoxBundle.java:941)
	at org.eclipse.osgi.internal.framework.EquinoxBundle$EquinoxModule.startWorker(EquinoxBundle.java:318)
	at org.eclipse.osgi.container.Module.doStart(Module.java:571)
	at org.eclipse.osgi.container.Module.start(Module.java:439)
	at org.eclipse.osgi.framework.util.SecureAction.start(SecureAction.java:454)
	at org.eclipse.osgi.internal.hooks.EclipseLazyStarter.postFindLocalClass(EclipseLazyStarter.java:107)
	at org.eclipse.osgi.internal.loader.classpath.ClasspathManager.findLocalClass(ClasspathManager.java:531)
	at org.eclipse.osgi.internal.loader.ModuleClassLoader.findLocalClass(ModuleClassLoader.java:324)
	at org.eclipse.osgi.internal.loader.BundleLoader.findLocalClass(BundleLoader.java:327)
	at org.eclipse.osgi.internal.loader.sources.SingleSourcePackage.loadClass(SingleSourcePackage.java:36)
	at org.eclipse.osgi.internal.loader.BundleLoader.findClassInternal(BundleLoader.java:398)
	at org.eclipse.osgi.internal.loader.BundleLoader.findClass(BundleLoader.java:352)
	at org.eclipse.osgi.internal.loader.BundleLoader.findClass(BundleLoader.java:344)
	at org.eclipse.osgi.internal.loader.ModuleClassLoader.loadClass(ModuleClassLoader.java:160)
	at java.lang.ClassLoader.loadClass(Unknown Source)
	at org.eclipse.ui.internal.ide.application.IDEApplication.start(IDEApplication.java:140)
	at org.eclipse.equinox.internal.app.EclipseAppHandle.run(EclipseAppHandle.java:196)
	at org.eclipse.core.runtime.internal.adaptor.EclipseAppLauncher.runApplication(EclipseAppLauncher.java:134)
	at org.eclipse.core.runtime.internal.adaptor.EclipseAppLauncher.start(EclipseAppLauncher.java:104)
	at org.eclipse.core.runtime.adaptor.EclipseStarter.run(EclipseStarter.java:380)
	at org.eclipse.core.runtime.adaptor.EclipseStarter.run(EclipseStarter.java:235)
	at sun.reflect.NativeMethodAccessorImpl.invoke0(Native Method)
	at sun.reflect.NativeMethodAccessorImpl.invoke(Unknown Source)
	at sun.reflect.DelegatingMethodAccessorImpl.invoke(Unknown Source)
	at java.lang.reflect.Method.invoke(Unknown Source)
	at org.eclipse.equinox.launcher.Main.invokeFramework(Main.java:669)
	at org.eclipse.equinox.launcher.Main.basicRun(Main.java:608)
	at org.eclipse.equinox.launcher.Main.run(Main.java:1515)
	at org.eclipse.equinox.launcher.Main.main(Main.java:1488)
!SUBENTRY 2 org.eclipse.core.resources 4 567 2015-09-07 13:31:31.243
!MESSAGE The project description file (.project) for 'Calculator' is missing.  This file contains important information about the project.  The project will not function properly until this file is restored.

!ENTRY org.eclipse.egit.ui 2 0 2015-09-07 13:31:40.746
!MESSAGE Warning: The environment variable HOME is not set. The following directory will be used to store the Git
user global configuration and to define the default location to store repositories: 'C:\Users\Srilu'. If this is
not correct please set the HOME environment variable and restart Eclipse. Otherwise Git for Windows and
EGit might behave differently since they see different configuration options.
This warning can be switched off on the Team > Git > Confirmations and Warnings preference page.
